<?xml version="1.0" encoding="UTF-8"?>
<!-- Generated by org.testng.reporters.JUnitXMLReporter -->
<testsuite hostname="G1C2ML15656" ignored="0" name="Test" tests="11" failures="2" timestamp="23 Sep 2018 16:13:29 GMT" time="162.501" errors="0">
  <testcase name="loginTest" time="19.49" classname="com.bookmyroom.testng.BookMyRoomTest">
    <failure type="java.lang.AssertionError" message="expected [false] but found [true]">
      <![CDATA[java.lang.AssertionError: expected [false] but found [true]
at com.bookmyroom.util.Reusable.verifyPresence(Reusable.java:146)
at com.bookmyroom.pages.LoginPage.login(LoginPage.java:66)
at com.bookmyroom.testng.BookMyRoomTest.loginTest(BookMyRoomTest.java:79)
... Removed 29 stack frames]]>
    </failure>
  </testcase> <!-- loginTest -->
  <testcase name="loginTest" time="13.596" classname="com.bookmyroom.testng.BookMyRoomTest"/>
  <testcase name="loginTest" time="12.071" classname="com.bookmyroom.testng.BookMyRoomTest"/>
  <testcase name="loginTest" time="12.292" classname="com.bookmyroom.testng.BookMyRoomTest"/>
  <testcase name="loginTest" time="12.037" classname="com.bookmyroom.testng.BookMyRoomTest"/>
  <testcase name="signUpTest" time="14.234" classname="com.bookmyroom.testng.BookMyRoomTest"/>
  <testcase name="signUpTest" time="13.863" classname="com.bookmyroom.testng.BookMyRoomTest"/>
  <testcase name="signUpTest" time="14.018" classname="com.bookmyroom.testng.BookMyRoomTest"/>
  <testcase name="signUpTest" time="14.844" classname="com.bookmyroom.testng.BookMyRoomTest"/>
  <testcase name="signUpTest" time="14.444" classname="com.bookmyroom.testng.BookMyRoomTest"/>
  <testcase name="signUpTest" time="14.253" classname="com.bookmyroom.testng.BookMyRoomTest">
    <failure type="java.lang.AssertionError" message="expected [false] but found [true]">
      <![CDATA[java.lang.AssertionError: expected [false] but found [true]
at com.bookmyroom.util.Reusable.verifyPresence(Reusable.java:146)
at com.bookmyroom.pages.SignUpPage.signUp(SignUpPage.java:89)
at com.bookmyroom.testng.BookMyRoomTest.signUpTest(BookMyRoomTest.java:58)
... Removed 29 stack frames]]>
    </failure>
  </testcase> <!-- signUpTest -->
</testsuite> <!-- Test -->
