<?xml version="1.0" encoding="UTF-8"?>
<!-- Generated by org.testng.reporters.JUnitXMLReporter -->
<testsuite hostname="G1C2ML15656" ignored="0" name="Test" tests="26" failures="8" timestamp="24 Sep 2018 03:09:52 GMT" time="8757.004" errors="0">
  <testcase name="confirmBookingTest" time="54.933" classname="com.bookmyroom.testng.BookMyRoomTest"/>
  <testcase name="confirmBookingTest" time="33.409" classname="com.bookmyroom.testng.BookMyRoomTest">
    <failure type="org.openqa.selenium.TimeoutException" message="Expected condition failed: waiting for visibility of element located by By.xpath: //mat-grid-tile[1]//div[@id=&amp;apos;bookNow&amp;apos;]//button[@color=&amp;apos;primary&amp;apos;] (tried for 3 second(s) with 500 milliseconds interval)">
      <![CDATA[org.openqa.selenium.TimeoutException: Expected condition failed: waiting for visibility of element located by By.xpath: //mat-grid-tile[1]//div[@id='bookNow']//button[@color='primary'] (tried for 3 second(s) with 500 milliseconds interval)
at org.openqa.selenium.support.ui.WebDriverWait.timeoutException(WebDriverWait.java:81)
at org.openqa.selenium.support.ui.FluentWait.until(FluentWait.java:271)
at com.bookmyroom.util.Reusable.click(Reusable.java:104)
at com.bookmyroom.pages.ConfirmBooking.confirmBooking(ConfirmBooking.java:49)
at com.bookmyroom.testng.BookMyRoomTest.confirmBookingTest(BookMyRoomTest.java:128)
Caused by: org.openqa.selenium.NoSuchElementException: Cannot locate an element using By.xpath: //mat-grid-tile[1]//div[@id='bookNow']//button[@color='primary']
For documentation on this error, please visit: http://seleniumhq.org/exceptions/no_such_element.html
Build info: version: '3.13.0', revision: '2f0d292', time: '2018-06-25T15:24:21.231Z'
System info: host: 'G1C2ML15656', ip: '172.17.124.165', os.name: 'Windows 10', os.arch: 'amd64', os.version: '10.0', java.version: '1.8.0_102'
Driver info: driver.version: unknown
at org.openqa.selenium.support.ui.ExpectedConditions.lambda$findElement$0(ExpectedConditions.java:896)
at java.util.Optional.orElseThrow(Optional.java:290)
at org.openqa.selenium.support.ui.ExpectedConditions.findElement(ExpectedConditions.java:895)
at org.openqa.selenium.support.ui.ExpectedConditions.access$000(ExpectedConditions.java:44)
at org.openqa.selenium.support.ui.ExpectedConditions$7.apply(ExpectedConditions.java:206)
at org.openqa.selenium.support.ui.ExpectedConditions$7.apply(ExpectedConditions.java:202)
at org.openqa.selenium.support.ui.FluentWait.until(FluentWait.java:248)
... 31 more
... Removed 28 stack frames]]>
    </failure>
  </testcase> <!-- confirmBookingTest -->
  <testcase name="confirmBookingTest" time="43.278" classname="com.bookmyroom.testng.BookMyRoomTest"/>
  <testcase name="confirmBookingTest" time="2714.28" classname="com.bookmyroom.testng.BookMyRoomTest">
    <failure type="org.openqa.selenium.TimeoutException" message="Expected condition failed: waiting for visibility of element located by By.xpath: //span[@class=&amp;apos;mat-button-wrapper&amp;apos;] (tried for 3 second(s) with 500 milliseconds interval)
Build info: version: &amp;apos;3.13.0&amp;apos;, revision: &amp;apos;2f0d292&amp;apos;, time: &amp;apos;2018-06-25T15:24:21.231Z&amp;apos;
System info: host: &amp;apos;G1C2ML15656&amp;apos;, ip: &amp;apos;172.17.124.165&amp;apos;, os.name: &amp;apos;Windows 10&amp;apos;, os.arch: &amp;apos;amd64&amp;apos;, os.version: &amp;apos;10.0&amp;apos;, java.version: &amp;apos;1.8.0_102&amp;apos;
Driver info: org.openqa.selenium.chrome.ChromeDriver
Capabilities {acceptInsecureCerts: false, acceptSslCerts: false, applicationCacheEnabled: false, browserConnectionEnabled: false, browserName: chrome, chrome: {chromedriverVersion: 2.42.591088 (7b2b2dca23cca0..., userDataDir: C:\Users\M1047105\AppData\L...}, cssSelectorsEnabled: true, databaseEnabled: false, goog:chromeOptions: {debuggerAddress: localhost:50876}, handlesAlerts: true, hasTouchScreen: false, javascriptEnabled: true, locationContextEnabled: true, mobileEmulationEnabled: false, nativeEvents: true, networkConnectionEnabled: false, pageLoadStrategy: normal, platform: XP, platformName: XP, rotatable: false, setWindowRect: true, takesHeapSnapshot: true, takesScreenshot: true, unexpectedAlertBehaviour: , unhandledPromptBehavior: , version: 68.0.3440.106, webStorageEnabled: true}
Session ID: f5773077eb280e3bc5571b3b5058530e">
      <![CDATA[org.openqa.selenium.TimeoutException: Expected condition failed: waiting for visibility of element located by By.xpath: //span[@class='mat-button-wrapper'] (tried for 3 second(s) with 500 milliseconds interval)
Build info: version: '3.13.0', revision: '2f0d292', time: '2018-06-25T15:24:21.231Z'
System info: host: 'G1C2ML15656', ip: '172.17.124.165', os.name: 'Windows 10', os.arch: 'amd64', os.version: '10.0', java.version: '1.8.0_102'
Driver info: org.openqa.selenium.chrome.ChromeDriver
Capabilities {acceptInsecureCerts: false, acceptSslCerts: false, applicationCacheEnabled: false, browserConnectionEnabled: false, browserName: chrome, chrome: {chromedriverVersion: 2.42.591088 (7b2b2dca23cca0..., userDataDir: C:\Users\M1047105\AppData\L...}, cssSelectorsEnabled: true, databaseEnabled: false, goog:chromeOptions: {debuggerAddress: localhost:50876}, handlesAlerts: true, hasTouchScreen: false, javascriptEnabled: true, locationContextEnabled: true, mobileEmulationEnabled: false, nativeEvents: true, networkConnectionEnabled: false, pageLoadStrategy: normal, platform: XP, platformName: XP, rotatable: false, setWindowRect: true, takesHeapSnapshot: true, takesScreenshot: true, unexpectedAlertBehaviour: , unhandledPromptBehavior: , version: 68.0.3440.106, webStorageEnabled: true}
Session ID: f5773077eb280e3bc5571b3b5058530e
at org.openqa.selenium.support.ui.WebDriverWait.timeoutException(WebDriverWait.java:81)
at org.openqa.selenium.support.ui.FluentWait.until(FluentWait.java:271)
at com.bookmyroom.util.Reusable.click(Reusable.java:104)
at com.bookmyroom.pages.SearchHotels.search(SearchHotels.java:50)
at com.bookmyroom.pages.ConfirmBooking.confirmBooking(ConfirmBooking.java:43)
at com.bookmyroom.testng.BookMyRoomTest.confirmBookingTest(BookMyRoomTest.java:128)
... Removed 28 stack frames]]>
    </failure>
  </testcase> <!-- confirmBookingTest -->
  <testcase name="confirmBookingTest" time="5316.866" classname="com.bookmyroom.testng.BookMyRoomTest"/>
  <testcase name="guestTest" time="25.122" classname="com.bookmyroom.testng.BookMyRoomTest">
    <failure type="java.lang.AssertionError" message="expected [false] but found [true]">
      <![CDATA[java.lang.AssertionError: expected [false] but found [true]
at com.bookmyroom.util.Reusable.verifyPresence(Reusable.java:167)
at com.bookmyroom.pages.SearchHotels.guestSearch(SearchHotels.java:148)
at com.bookmyroom.pages.GuestMode.guestSearch(GuestMode.java:45)
at com.bookmyroom.testng.BookMyRoomTest.guestTest(BookMyRoomTest.java:149)
... Removed 32 stack frames]]>
    </failure>
  </testcase> <!-- guestTest -->
  <testcase name="guestTest" time="24.793" classname="com.bookmyroom.testng.BookMyRoomTest"/>
  <testcase name="guestTest" time="24.711" classname="com.bookmyroom.testng.BookMyRoomTest"/>
  <testcase name="guestTest" time="25.63" classname="com.bookmyroom.testng.BookMyRoomTest"/>
  <testcase name="guestTest" time="23.379" classname="com.bookmyroom.testng.BookMyRoomTest">
    <failure type="java.lang.AssertionError" message="expected [false] but found [true]">
      <![CDATA[java.lang.AssertionError: expected [false] but found [true]
at com.bookmyroom.util.Reusable.verifyPresence(Reusable.java:167)
at com.bookmyroom.pages.SearchHotels.guestSearch(SearchHotels.java:148)
at com.bookmyroom.pages.GuestMode.guestSearch(GuestMode.java:45)
at com.bookmyroom.testng.BookMyRoomTest.guestTest(BookMyRoomTest.java:149)
... Removed 32 stack frames]]>
    </failure>
  </testcase> <!-- guestTest -->
  <testcase name="loginTest" time="18.298" classname="com.bookmyroom.testng.BookMyRoomTest"/>
  <testcase name="loginTest" time="20.434" classname="com.bookmyroom.testng.BookMyRoomTest"/>
  <testcase name="loginTest" time="20.565" classname="com.bookmyroom.testng.BookMyRoomTest"/>
  <testcase name="loginTest" time="20.879" classname="com.bookmyroom.testng.BookMyRoomTest"/>
  <testcase name="loginTest" time="20.414" classname="com.bookmyroom.testng.BookMyRoomTest"/>
  <testcase name="searchTest" time="36.64" classname="com.bookmyroom.testng.BookMyRoomTest">
    <failure type="java.lang.AssertionError" message="expected [false] but found [true]">
      <![CDATA[java.lang.AssertionError: expected [false] but found [true]
at com.bookmyroom.util.Reusable.verifyPresence(Reusable.java:167)
at com.bookmyroom.pages.SearchHotels.search(SearchHotels.java:82)
at com.bookmyroom.testng.BookMyRoomTest.searchTest(BookMyRoomTest.java:108)
... Removed 32 stack frames]]>
    </failure>
  </testcase> <!-- searchTest -->
  <testcase name="searchTest" time="36.689" classname="com.bookmyroom.testng.BookMyRoomTest"/>
  <testcase name="searchTest" time="35.55" classname="com.bookmyroom.testng.BookMyRoomTest"/>
  <testcase name="searchTest" time="18.902" classname="com.bookmyroom.testng.BookMyRoomTest">
    <failure type="org.openqa.selenium.TimeoutException" message="Expected condition failed: waiting for visibility of element located by By.xpath: //span[@class=&amp;apos;mat-button-wrapper&amp;apos;] (tried for 3 second(s) with 500 milliseconds interval)
Build info: version: &amp;apos;3.13.0&amp;apos;, revision: &amp;apos;2f0d292&amp;apos;, time: &amp;apos;2018-06-25T15:24:21.231Z&amp;apos;
System info: host: &amp;apos;G1C2ML15656&amp;apos;, ip: &amp;apos;172.17.124.165&amp;apos;, os.name: &amp;apos;Windows 10&amp;apos;, os.arch: &amp;apos;amd64&amp;apos;, os.version: &amp;apos;10.0&amp;apos;, java.version: &amp;apos;1.8.0_102&amp;apos;
Driver info: org.openqa.selenium.chrome.ChromeDriver
Capabilities {acceptInsecureCerts: false, acceptSslCerts: false, applicationCacheEnabled: false, browserConnectionEnabled: false, browserName: chrome, chrome: {chromedriverVersion: 2.42.591088 (7b2b2dca23cca0..., userDataDir: C:\Users\M1047105\AppData\L...}, cssSelectorsEnabled: true, databaseEnabled: false, goog:chromeOptions: {debuggerAddress: localhost:50876}, handlesAlerts: true, hasTouchScreen: false, javascriptEnabled: true, locationContextEnabled: true, mobileEmulationEnabled: false, nativeEvents: true, networkConnectionEnabled: false, pageLoadStrategy: normal, platform: XP, platformName: XP, rotatable: false, setWindowRect: true, takesHeapSnapshot: true, takesScreenshot: true, unexpectedAlertBehaviour: , unhandledPromptBehavior: , version: 68.0.3440.106, webStorageEnabled: true}
Session ID: f5773077eb280e3bc5571b3b5058530e">
      <![CDATA[org.openqa.selenium.TimeoutException: Expected condition failed: waiting for visibility of element located by By.xpath: //span[@class='mat-button-wrapper'] (tried for 3 second(s) with 500 milliseconds interval)
Build info: version: '3.13.0', revision: '2f0d292', time: '2018-06-25T15:24:21.231Z'
System info: host: 'G1C2ML15656', ip: '172.17.124.165', os.name: 'Windows 10', os.arch: 'amd64', os.version: '10.0', java.version: '1.8.0_102'
Driver info: org.openqa.selenium.chrome.ChromeDriver
Capabilities {acceptInsecureCerts: false, acceptSslCerts: false, applicationCacheEnabled: false, browserConnectionEnabled: false, browserName: chrome, chrome: {chromedriverVersion: 2.42.591088 (7b2b2dca23cca0..., userDataDir: C:\Users\M1047105\AppData\L...}, cssSelectorsEnabled: true, databaseEnabled: false, goog:chromeOptions: {debuggerAddress: localhost:50876}, handlesAlerts: true, hasTouchScreen: false, javascriptEnabled: true, locationContextEnabled: true, mobileEmulationEnabled: false, nativeEvents: true, networkConnectionEnabled: false, pageLoadStrategy: normal, platform: XP, platformName: XP, rotatable: false, setWindowRect: true, takesHeapSnapshot: true, takesScreenshot: true, unexpectedAlertBehaviour: , unhandledPromptBehavior: , version: 68.0.3440.106, webStorageEnabled: true}
Session ID: f5773077eb280e3bc5571b3b5058530e
at org.openqa.selenium.support.ui.WebDriverWait.timeoutException(WebDriverWait.java:81)
at org.openqa.selenium.support.ui.FluentWait.until(FluentWait.java:271)
at com.bookmyroom.util.Reusable.click(Reusable.java:104)
at com.bookmyroom.pages.SearchHotels.search(SearchHotels.java:50)
at com.bookmyroom.testng.BookMyRoomTest.searchTest(BookMyRoomTest.java:108)
... Removed 28 stack frames]]>
    </failure>
  </testcase> <!-- searchTest -->
  <testcase name="searchTest" time="35.612" classname="com.bookmyroom.testng.BookMyRoomTest">
    <failure type="java.lang.AssertionError" message="expected [false] but found [true]">
      <![CDATA[java.lang.AssertionError: expected [false] but found [true]
at com.bookmyroom.util.Reusable.verifyPresence(Reusable.java:167)
at com.bookmyroom.pages.SearchHotels.search(SearchHotels.java:82)
at com.bookmyroom.testng.BookMyRoomTest.searchTest(BookMyRoomTest.java:108)
... Removed 32 stack frames]]>
    </failure>
  </testcase> <!-- searchTest -->
  <testcase name="signUpTest" time="30.866" classname="com.bookmyroom.testng.BookMyRoomTest"/>
  <testcase name="signUpTest" time="31.124" classname="com.bookmyroom.testng.BookMyRoomTest"/>
  <testcase name="signUpTest" time="32.142" classname="com.bookmyroom.testng.BookMyRoomTest"/>
  <testcase name="signUpTest" time="32.204" classname="com.bookmyroom.testng.BookMyRoomTest"/>
  <testcase name="signUpTest" time="31.137" classname="com.bookmyroom.testng.BookMyRoomTest">
    <failure type="java.lang.AssertionError" message="expected [false] but found [true]">
      <![CDATA[java.lang.AssertionError: expected [false] but found [true]
at com.bookmyroom.util.Reusable.verifyPresence(Reusable.java:167)
at com.bookmyroom.pages.SignUpPage.signUp(SignUpPage.java:89)
at com.bookmyroom.testng.BookMyRoomTest.signUpTest(BookMyRoomTest.java:64)
... Removed 32 stack frames]]>
    </failure>
  </testcase> <!-- signUpTest -->
  <testcase name="signUpTest" time="30.714" classname="com.bookmyroom.testng.BookMyRoomTest"/>
</testsuite> <!-- Test -->
